# JRE version: OpenJDK Runtime Environment Temurin-17.0.20.1+1 (17.0.20.1+1) (build 17.0.20.1+1)
# Java VM: OpenJDK 64-Bit Server VM Temurin-17.0.20.1+1 (17.0.20.1+1, mixed mode, sharing, tiered, compressed oops, compressed class ptrs, g1 gc, windows-amd64)
GC Precious Log:
 CPUs: 12 total, 12 available
 Memory: 7817M
 Large Page Support: Disabled
 NUMA Support: Disabled
 Compressed Oops: Enabled (32-bit)
 Heap Region Size: 1M
 Heap Min Capacity: 256M
 Heap Initial Capacity: 256M
 Heap Max Capacity: 512M
 Pre-touch: Disabled
 Parallel Workers: 10
 Concurrent Workers: 3
 Concurrent Refinement Workers: 10
 Periodic GC: Disabled
Heap:
 garbage-first heap   total 262144K, used 186547K [0x00000000e0000000, 0x0000000100000000)
  region size 1024K, 137 young (140288K), 13 survivors (13312K)
 Metaspace       used 65080K, committed 65984K, reserved 393216K
  class space    used 9117K, committed 9536K, reserved 327680K
GC Heap History (18 events):
Event: 1.585 GC heap before
{Heap before GC invocations=0 (full 0):
 garbage-first heap   total 262144K, used 26624K [0x00000000e0000000, 0x0000000100000000)
  region size 1024K, 23 young (23552K), 0 survivors (0K)
 Metaspace       used 2664K, committed 2816K, reserved 393216K
  class space    used 310K, committed 384K, reserved 327680K
}
Event: 1.594 GC heap after
{Heap after GC invocations=1 (full 0):
 garbage-first heap   total 262144K, used 11063K [0x00000000e0000000, 0x0000000100000000)
  region size 1024K, 3 young (3072K), 3 survivors (3072K)
 Metaspace       used 2664K, committed 2816K, reserved 393216K
  class space    used 310K, committed 384K, reserved 327680K
}
Event: 2.423 GC heap before
{Heap before GC invocations=1 (full 0):
 garbage-first heap   total 262144K, used 38711K [0x00000000e0000000, 0x0000000100000000)
  region size 1024K, 30 young (30720K), 3 survivors (3072K)
 Metaspace       used 4582K, committed 4736K, reserved 393216K
  class space    used 585K, committed 640K, reserved 327680K
}
Event: 2.428 GC heap after
{Heap after GC invocations=2 (full 0):
 garbage-first heap   total 262144K, used 12419K [0x00000000e0000000, 0x0000000100000000)
  region size 1024K, 2 young (2048K), 2 survivors (2048K)
 Metaspace       used 4582K, committed 4736K, reserved 393216K
  class space    used 585K, committed 640K, reserved 327680K
}
Event: 7.322 GC heap before
{Heap before GC invocations=2 (full 0):
 garbage-first heap   total 262144K, used 106627K [0x00000000e0000000, 0x0000000100000000)
  region size 1024K, 92 young (94208K), 2 survivors (2048K)
 Metaspace       used 17340K, committed 17664K, reserved 393216K
  class space    used 2388K, committed 2560K, reserved 327680K
}
Event: 7.336 GC heap after
{Heap after GC invocations=3 (full 0):
 garbage-first heap   total 262144K, used 22387K [0x00000000e0000000, 0x0000000100000000)
  region size 1024K, 11 young (11264K), 11 survivors (11264K)
 Metaspace       used 17340K, committed 17664K, reserved 393216K
  class space    used 2388K, committed 2560K, reserved 327680K
}
Event: 8.620 GC heap before
{Heap before GC invocations=3 (full 0):
 garbage-first heap   total 262144K, used 55155K [0x00000000e0000000, 0x0000000100000000)
  region size 1024K, 44 young (45056K), 11 survivors (11264K)
 Metaspace       used 21233K, committed 21504K, reserved 393216K
  class space    used 3066K, committed 3200K, reserved 327680K
}
Event: 8.629 GC heap after
{Heap after GC invocations=4 (full 0):
 garbage-first heap   total 262144K, used 24550K [0x00000000e0000000, 0x0000000100000000)
  region size 1024K, 13 young (13312K), 13 survivors (13312K)
 Metaspace       used 21233K, committed 21504K, reserved 393216K
  class space    used 3066K, committed 3200K, reserved 327680K
}
Event: 13.424 GC heap before
{Heap before GC invocations=5 (full 0):
 garbage-first heap   total 262144K, used 146406K [0x00000000e0000000, 0x0000000100000000)
  region size 1024K, 132 young (135168K), 13 survivors (13312K)
 Metaspace       used 35554K, committed 35968K, reserved 393216K
  class space    used 4961K, committed 5184K, reserved 327680K
}
Event: 13.445 GC heap after
{Heap after GC invocations=6 (full 0):
 garbage-first heap   total 262144K, used 32941K [0x00000000e0000000, 0x0000000100000000)
  region size 1024K, 11 young (11264K), 11 survivors (11264K)
 Metaspace       used 35554K, committed 35968K, reserved 393216K
  class space    used 4961K, committed 5184K, reserved 327680K
}
Event: 19.369 GC heap before
{Heap before GC invocations=7 (full 0):
 garbage-first heap   total 262144K, used 178349K [0x00000000e0000000, 0x0000000100000000)
  region size 1024K, 153 young (156672K), 11 survivors (11264K)
 Metaspace       used 45231K, committed 45824K, reserved 393216K
  class space    used 6298K, committed 6592K, reserved 327680K
}
Event: 19.392 GC heap after
{Heap after GC invocations=8 (full 0):
 garbage-first heap   total 262144K, used 41849K [0x00000000e0000000, 0x0000000100000000)
  region size 1024K, 20 young (20480K), 20 survivors (20480K)
 Metaspace       used 45231K, committed 45824K, reserved 393216K
  class space    used 6298K, committed 6592K, reserved 327680K
}
Event: 22.454 GC heap before
{Heap before GC invocations=8 (full 0):
 garbage-first heap   total 262144K, used 178041K [0x00000000e0000000, 0x0000000100000000)
  region size 1024K, 153 young (156672K), 20 survivors (20480K)
 Metaspace       used 45884K, committed 46464K, reserved 393216K
  class space    used 6346K, committed 6656K, reserved 327680K
}
Event: 22.478 GC heap after
{Heap after GC invocations=9 (full 0):
 garbage-first heap   total 262144K, used 48523K [0x00000000e0000000, 0x0000000100000000)
  region size 1024K, 17 young (17408K), 17 survivors (17408K)
 Metaspace       used 45884K, committed 46464K, reserved 393216K
  class space    used 6346K, committed 6656K, reserved 327680K
}
Event: 27.348 GC heap before
{Heap before GC invocations=9 (full 0):
 garbage-first heap   total 262144K, used 188811K [0x00000000e0000000, 0x0000000100000000)
  region size 1024K, 153 young (156672K), 17 survivors (17408K)
 Metaspace       used 50434K, committed 51136K, reserved 393216K
  class space    used 6956K, committed 7296K, reserved 327680K
}
Event: 27.374 GC heap after
{Heap after GC invocations=10 (full 0):
 garbage-first heap   total 262144K, used 56611K [0x00000000e0000000, 0x0000000100000000)
  region size 1024K, 15 young (15360K), 15 survivors (15360K)
 Metaspace       used 50434K, committed 51136K, reserved 393216K
  class space    used 6956K, committed 7296K, reserved 327680K
}
Event: 32.292 GC heap before
{Heap before GC invocations=10 (full 0):
 garbage-first heap   total 262144K, used 160035K [0x00000000e0000000, 0x0000000100000000)
  region size 1024K, 117 young (119808K), 15 survivors (15360K)
 Metaspace       used 59335K, committed 60096K, reserved 393216K
  class space    used 8400K, committed 8768K, reserved 327680K
}
Event: 32.311 GC heap after
{Heap after GC invocations=11 (full 0):
 garbage-first heap   total 262144K, used 60595K [0x00000000e0000000, 0x0000000100000000)
  region size 1024K, 13 young (13312K), 13 survivors (13312K)
 Metaspace       used 59335K, committed 60096K, reserved 393216K
  class space    used 8400K, committed 8768K, reserved 327680K
}

