# JRE version: OpenJDK Runtime Environment Temurin-21.0.12.1+1 (21.0.12.1+1) (build 21.0.12.1+1-LTS)
# Java VM: OpenJDK 64-Bit Server VM Temurin-21.0.12.1+1 (21.0.12.1+1-LTS, mixed mode, sharing, tiered, compressed oops, compressed class ptrs, parallel gc, windows-amd64)
GC Precious Log:
 CardTable entry size: 512
 CPUs: 12 total, 12 available
 Memory: 7817M
 Large Page Support: Disabled
 NUMA Support: Disabled
 Compressed Oops: Enabled (32-bit)
 Alignments: Space 512K, Generation 512K, Heap 2M
 Heap Min Capacity: 100M
 Heap Initial Capacity: 100M
 Heap Max Capacity: 2G
 Pre-touch: Disabled
 Parallel Workers: 10
Heap:
 PSYoungGen      total 6656K, used 5787K [0x00000000d5580000, 0x00000000d6200000, 0x0000000100000000)
  eden space 4096K, 78% used [0x00000000d5580000,0x00000000d58a87d8,0x00000000d5980000)
  from space 2560K, 99% used [0x00000000d5f80000,0x00000000d61fe460,0x00000000d6200000)
  to   space 3584K, 0% used [0x00000000d5b00000,0x00000000d5b00000,0x00000000d5e80000)
 ParOldGen       total 734720K, used 734260K [0x0000000080000000, 0x00000000acd80000, 0x00000000d5580000)
  object space 734720K, 99% used [0x0000000080000000,0x00000000acd0d0a8,0x00000000acd80000)
 Metaspace       used 65879K, committed 67264K, reserved 1114112K
  class space    used 7158K, committed 7744K, reserved 1048576K
GC Heap History (20 events):
Event: 94.641 GC heap before
{Heap before GC invocations=1026 (full 3):
 PSYoungGen      total 5120K, used 5120K [0x00000000d5580000, 0x00000000d6200000, 0x0000000100000000)
  eden space 3584K, 100% used [0x00000000d5580000,0x00000000d5900000,0x00000000d5900000)
  from space 1536K, 100% used [0x00000000d5c80000,0x00000000d5e00000,0x00000000d5e00000)
  to   space 3584K, 0% used [0x00000000d5900000,0x00000000d5900000,0x00000000d5c80000)
 ParOldGen       total 714752K, used 714698K [0x0000000080000000, 0x00000000aba00000, 0x00000000d5580000)
  object space 714752K, 99% used [0x0000000080000000,0x00000000ab9f2a28,0x00000000aba00000)
 Metaspace       used 65726K, committed 67136K, reserved 1114112K
  class space    used 7146K, committed 7744K, reserved 1048576K
}
Event: 94.649 GC heap after
{Heap after GC invocations=1026 (full 3):
 PSYoungGen      total 5632K, used 1618K [0x00000000d5580000, 0x00000000d5e00000, 0x0000000100000000)
  eden space 3584K, 0% used [0x00000000d5580000,0x00000000d5580000,0x00000000d5900000)
  from space 2048K, 79% used [0x00000000d5900000,0x00000000d5a94808,0x00000000d5b00000)
  to   space 2560K, 0% used [0x00000000d5b80000,0x00000000d5b80000,0x00000000d5e00000)
 ParOldGen       total 716288K, used 716175K [0x0000000080000000, 0x00000000abb80000, 0x00000000d5580000)
  object space 716288K, 99% used [0x0000000080000000,0x00000000abb63ee8,0x00000000abb80000)
 Metaspace       used 65726K, committed 67136K, reserved 1114112K
  class space    used 7146K, committed 7744K, reserved 1048576K
}
Event: 94.692 GC heap before
{Heap before GC invocations=1027 (full 3):
 PSYoungGen      total 5632K, used 5202K [0x00000000d5580000, 0x00000000d5e00000, 0x0000000100000000)
  eden space 3584K, 100% used [0x00000000d5580000,0x00000000d5900000,0x00000000d5900000)
  from space 2048K, 79% used [0x00000000d5900000,0x00000000d5a94808,0x00000000d5b00000)
  to   space 2560K, 0% used [0x00000000d5b80000,0x00000000d5b80000,0x00000000d5e00000)
 ParOldGen       total 716288K, used 716175K [0x0000000080000000, 0x00000000abb80000, 0x00000000d5580000)
  object space 716288K, 99% used [0x0000000080000000,0x00000000abb63ee8,0x00000000abb80000)
 Metaspace       used 65726K, committed 67136K, reserved 1114112K
  class space    used 7146K, committed 7744K, reserved 1048576K
}
Event: 94.704 GC heap after
{Heap after GC invocations=1027 (full 3):
 PSYoungGen      total 5632K, used 1760K [0x00000000d5580000, 0x00000000d5d80000, 0x0000000100000000)
  eden space 3584K, 0% used [0x00000000d5580000,0x00000000d5580000,0x00000000d5900000)
  from space 2048K, 85% used [0x00000000d5b80000,0x00000000d5d38008,0x00000000d5d80000)
  to   space 2048K, 0% used [0x00000000d5900000,0x00000000d5900000,0x00000000d5b00000)
 ParOldGen       total 717312K, used 717285K [0x0000000080000000, 0x00000000abc80000, 0x00000000d5580000)
  object space 717312K, 99% used [0x0000000080000000,0x00000000abc79460,0x00000000abc80000)
 Metaspace       used 65726K, committed 67136K, reserved 1114112K
  class space    used 7146K, committed 7744K, reserved 1048576K
}
Event: 94.739 GC heap before
{Heap before GC invocations=1028 (full 3):
 PSYoungGen      total 5632K, used 5344K [0x00000000d5580000, 0x00000000d5d80000, 0x0000000100000000)
  eden space 3584K, 100% used [0x00000000d5580000,0x00000000d5900000,0x00000000d5900000)
  from space 2048K, 85% used [0x00000000d5b80000,0x00000000d5d38008,0x00000000d5d80000)
  to   space 2048K, 0% used [0x00000000d5900000,0x00000000d5900000,0x00000000d5b00000)
 ParOldGen       total 717312K, used 717285K [0x0000000080000000, 0x00000000abc80000, 0x00000000d5580000)
  object space 717312K, 99% used [0x0000000080000000,0x00000000abc79460,0x00000000abc80000)
 Metaspace       used 65726K, committed 67136K, reserved 1114112K
  class space    used 7146K, committed 7744K, reserved 1048576K
}
Event: 94.746 GC heap after
{Heap after GC invocations=1028 (full 3):
 PSYoungGen      total 5120K, used 1280K [0x00000000d5580000, 0x00000000d5c00000, 0x0000000100000000)
  eden space 3584K, 0% used [0x00000000d5580000,0x00000000d5580000,0x00000000d5900000)
  from space 1536K, 83% used [0x00000000d5900000,0x00000000d5a40000,0x00000000d5a80000)
  to   space 1536K, 0% used [0x00000000d5a80000,0x00000000d5a80000,0x00000000d5c00000)
 ParOldGen       total 719360K, used 718953K [0x0000000080000000, 0x00000000abe80000, 0x00000000d5580000)
  object space 719360K, 99% used [0x0000000080000000,0x00000000abe1a670,0x00000000abe80000)
 Metaspace       used 65726K, committed 67136K, reserved 1114112K
  class space    used 7146K, committed 7744K, reserved 1048576K
}
Event: 94.803 GC heap before
{Heap before GC invocations=1029 (full 3):
 PSYoungGen      total 5120K, used 4864K [0x00000000d5580000, 0x00000000d5c00000, 0x0000000100000000)
  eden space 3584K, 100% used [0x00000000d5580000,0x00000000d5900000,0x00000000d5900000)
  from space 1536K, 83% used [0x00000000d5900000,0x00000000d5a40000,0x00000000d5a80000)
  to   space 1536K, 0% used [0x00000000d5a80000,0x00000000d5a80000,0x00000000d5c00000)
 ParOldGen       total 719360K, used 718953K [0x0000000080000000, 0x00000000abe80000, 0x00000000d5580000)
  object space 719360K, 99% used [0x0000000080000000,0x00000000abe1a670,0x00000000abe80000)
 Metaspace       used 65726K, committed 67136K, reserved 1114112K
  class space    used 7146K, committed 7744K, reserved 1048576K
}
Event: 94.812 GC heap after
{Heap after GC invocations=1029 (full 3):
 PSYoungGen      total 5120K, used 1106K [0x00000000d5580000, 0x00000000d5c00000, 0x0000000100000000)
  eden space 3584K, 0% used [0x00000000d5580000,0x00000000d5580000,0x00000000d5900000)
  from space 1536K, 72% used [0x00000000d5a80000,0x00000000d5b94808,0x00000000d5c00000)
  to   space 1536K, 0% used [0x00000000d5900000,0x00000000d5900000,0x00000000d5a80000)
 ParOldGen       total 720384K, used 719873K [0x0000000080000000, 0x00000000abf80000, 0x00000000d5580000)
  object space 720384K, 99% used [0x0000000080000000,0x00000000abf00498,0x00000000abf80000)
 Metaspace       used 65726K, committed 67136K, reserved 1114112K
  class space    used 7146K, committed 7744K, reserved 1048576K
}
Event: 94.881 GC heap before
{Heap before GC invocations=1030 (full 3):
 PSYoungGen      total 5120K, used 4689K [0x00000000d5580000, 0x00000000d5c00000, 0x0000000100000000)
  eden space 3584K, 99% used [0x00000000d5580000,0x00000000d58fffd0,0x00000000d5900000)
  from space 1536K, 72% used [0x00000000d5a80000,0x00000000d5b94808,0x00000000d5c00000)
  to   space 1536K, 0% used [0x00000000d5900000,0x00000000d5900000,0x00000000d5a80000)
 ParOldGen       total 720384K, used 719873K [0x0000000080000000, 0x00000000abf80000, 0x00000000d5580000)
  object space 720384K, 99% used [0x0000000080000000,0x00000000abf00498,0x00000000abf80000)
 Metaspace       used 65727K, committed 67136K, reserved 1114112K
  class space    used 7146K, committed 7744K, reserved 1048576K
}
Event: 94.888 GC heap after
{Heap after GC invocations=1030 (full 3):
 PSYoungGen      total 5120K, used 1506K [0x00000000d5580000, 0x00000000d6100000, 0x0000000100000000)
  eden space 3584K, 0% used [0x00000000d5580000,0x00000000d5580000,0x00000000d5900000)
  from space 1536K, 98% used [0x00000000d5900000,0x00000000d5a78900,0x00000000d5a80000)
  to   space 4096K, 0% used [0x00000000d5d00000,0x00000000d5d00000,0x00000000d6100000)
 ParOldGen       total 721920K, used 721677K [0x0000000080000000, 0x00000000ac100000, 0x00000000d5580000)
  object space 721920K, 99% used [0x0000000080000000,0x00000000ac0c34c0,0x00000000ac100000)
 Metaspace       used 65727K, committed 67136K, reserved 1114112K
  class space    used 7146K, committed 7744K, reserved 1048576K
}
Event: 94.933 GC heap before
{Heap before GC invocations=1031 (full 3):
 PSYoungGen      total 5120K, used 5090K [0x00000000d5580000, 0x00000000d6100000, 0x0000000100000000)
  eden space 3584K, 100% used [0x00000000d5580000,0x00000000d5900000,0x00000000d5900000)
  from space 1536K, 98% used [0x00000000d5900000,0x00000000d5a78900,0x00000000d5a80000)
  to   space 4096K, 0% used [0x00000000d5d00000,0x00000000d5d00000,0x00000000d6100000)
 ParOldGen       total 721920K, used 721677K [0x0000000080000000, 0x00000000ac100000, 0x00000000d5580000)
  object space 721920K, 99% used [0x0000000080000000,0x00000000ac0c34c0,0x00000000ac100000)
 Metaspace       used 65750K, committed 67136K, reserved 1114112K
  class space    used 7151K, committed 7744K, reserved 1048576K
}
Event: 94.938 GC heap after
{Heap after GC invocations=1031 (full 3):
 PSYoungGen      total 6144K, used 2496K [0x00000000d5580000, 0x00000000d5f80000, 0x0000000100000000)
  eden space 3584K, 0% used [0x00000000d5580000,0x00000000d5580000,0x00000000d5900000)
  from space 2560K, 97% used [0x00000000d5d00000,0x00000000d5f70000,0x00000000d5f80000)
  to   space 3072K, 0% used [0x00000000d5980000,0x00000000d5980000,0x00000000d5c80000)
 ParOldGen       total 723456K, used 723209K [0x0000000080000000, 0x00000000ac280000, 0x00000000d5580000)
  object space 723456K, 99% used [0x0000000080000000,0x00000000ac242558,0x00000000ac280000)
 Metaspace       used 65750K, committed 67136K, reserved 1114112K
  class space    used 7151K, committed 7744K, reserved 1048576K
}
Event: 94.945 GC heap before
{Heap before GC invocations=1032 (full 3):
 PSYoungGen      total 6144K, used 6080K [0x00000000d5580000, 0x00000000d5f80000, 0x0000000100000000)
  eden space 3584K, 100% used [0x00000000d5580000,0x00000000d5900000,0x00000000d5900000)
  from space 2560K, 97% used [0x00000000d5d00000,0x00000000d5f70000,0x00000000d5f80000)
  to   space 3072K, 0% used [0x00000000d5980000,0x00000000d5980000,0x00000000d5c80000)
 ParOldGen       total 723456K, used 723209K [0x0000000080000000, 0x00000000ac280000, 0x00000000d5580000)
  object space 723456K, 99% used [0x0000000080000000,0x00000000ac242558,0x00000000ac280000)
 Metaspace       used 65750K, committed 67136K, reserved 1114112K
  class space    used 7151K, committed 7744K, reserved 1048576K
}
Event: 94.952 GC heap after
{Heap after GC invocations=1032 (full 3):
 PSYoungGen      total 7168K, used 3047K [0x00000000d5580000, 0x00000000d6700000, 0x0000000100000000)
  eden space 4096K, 0% used [0x00000000d5580000,0x00000000d5580000,0x00000000d5980000)
  from space 3072K, 99% used [0x00000000d5980000,0x00000000d5c79f20,0x00000000d5c80000)
  to   space 6656K, 0% used [0x00000000d6080000,0x00000000d6080000,0x00000000d6700000)
 ParOldGen       total 726016K, used 725979K [0x0000000080000000, 0x00000000ac500000, 0x00000000d5580000)
  object space 726016K, 99% used [0x0000000080000000,0x00000000ac4f6f40,0x00000000ac500000)
 Metaspace       used 65750K, committed 67136K, reserved 1114112K
  class space    used 7151K, committed 7744K, reserved 1048576K
}
Event: 1207.133 GC heap before
{Heap before GC invocations=1033 (full 3):
 PSYoungGen      total 7168K, used 7143K [0x00000000d5580000, 0x00000000d6700000, 0x0000000100000000)
  eden space 4096K, 100% used [0x00000000d5580000,0x00000000d5980000,0x00000000d5980000)
  from space 3072K, 99% used [0x00000000d5980000,0x00000000d5c79f20,0x00000000d5c80000)
  to   space 6656K, 0% used [0x00000000d6080000,0x00000000d6080000,0x00000000d6700000)
 ParOldGen       total 726016K, used 725979K [0x0000000080000000, 0x00000000ac500000, 0x00000000d5580000)
  object space 726016K, 99% used [0x0000000080000000,0x00000000ac4f6f40,0x00000000ac500000)
 Metaspace       used 65781K, committed 67136K, reserved 1114112K
  class space    used 7154K, committed 7744K, reserved 1048576K
}
Event: 1208.259 GC heap after
{Heap after GC invocations=1033 (full 3):
 PSYoungGen      total 6144K, used 1899K [0x00000000d5580000, 0x00000000d6280000, 0x0000000100000000)
  eden space 4096K, 0% used [0x00000000d5580000,0x00000000d5580000,0x00000000d5980000)
  from space 2048K, 92% used [0x00000000d6080000,0x00000000d625ae48,0x00000000d6280000)
  to   space 3584K, 0% used [0x00000000d5b80000,0x00000000d5b80000,0x00000000d5f00000)
 ParOldGen       total 729088K, used 729048K [0x0000000080000000, 0x00000000ac800000, 0x00000000d5580000)
  object space 729088K, 99% used [0x0000000080000000,0x00000000ac7f61b0,0x00000000ac800000)
 Metaspace       used 65781K, committed 67136K, reserved 1114112K
  class space    used 7154K, committed 7744K, reserved 1048576K
}
Event: 1208.554 GC heap before
{Heap before GC invocations=1034 (full 3):
 PSYoungGen      total 6144K, used 5958K [0x00000000d5580000, 0x00000000d6280000, 0x0000000100000000)
  eden space 4096K, 99% used [0x00000000d5580000,0x00000000d5976a48,0x00000000d5980000)
  from space 2048K, 92% used [0x00000000d6080000,0x00000000d625ae48,0x00000000d6280000)
  to   space 3584K, 0% used [0x00000000d5b80000,0x00000000d5b80000,0x00000000d5f00000)
 ParOldGen       total 729088K, used 729048K [0x0000000080000000, 0x00000000ac800000, 0x00000000d5580000)
  object space 729088K, 99% used [0x0000000080000000,0x00000000ac7f61b0,0x00000000ac800000)
 Metaspace       used 65789K, committed 67136K, reserved 1114112K
  class space    used 7154K, committed 7744K, reserved 1048576K
}
Event: 1208.564 GC heap after
{Heap after GC invocations=1034 (full 3):
 PSYoungGen      total 7680K, used 3570K [0x00000000d5580000, 0x00000000d6580000, 0x0000000100000000)
  eden space 4096K, 0% used [0x00000000d5580000,0x00000000d5580000,0x00000000d5980000)
  from space 3584K, 99% used [0x00000000d5b80000,0x00000000d5efc840,0x00000000d5f00000)
  to   space 6144K, 0% used [0x00000000d5f80000,0x00000000d5f80000,0x00000000d6580000)
 ParOldGen       total 731136K, used 730849K [0x0000000080000000, 0x00000000aca00000, 0x00000000d5580000)
  object space 731136K, 99% used [0x0000000080000000,0x00000000ac9b86f0,0x00000000aca00000)
 Metaspace       used 65789K, committed 67136K, reserved 1114112K
  class space    used 7154K, committed 7744K, reserved 1048576K
}
Event: 1209.202 GC heap before
{Heap before GC invocations=1035 (full 3):
 PSYoungGen      total 7680K, used 7666K [0x00000000d5580000, 0x00000000d6580000, 0x0000000100000000)
  eden space 4096K, 100% used [0x00000000d5580000,0x00000000d5980000,0x00000000d5980000)
  from space 3584K, 99% used [0x00000000d5b80000,0x00000000d5efc840,0x00000000d5f00000)
  to   space 6144K, 0% used [0x00000000d5f80000,0x00000000d5f80000,0x00000000d6580000)
 ParOldGen       total 731136K, used 730849K [0x0000000080000000, 0x00000000aca00000, 0x00000000d5580000)
  object space 731136K, 99% used [0x0000000080000000,0x00000000ac9b86f0,0x00000000aca00000)
 Metaspace       used 65799K, committed 67136K, reserved 1114112K
  class space    used 7154K, committed 7744K, reserved 1048576K
}
Event: 1209.213 GC heap after
{Heap after GC invocations=1035 (full 3):
 PSYoungGen      total 6656K, used 2553K [0x00000000d5580000, 0x00000000d6200000, 0x0000000100000000)
  eden space 4096K, 0% used [0x00000000d5580000,0x00000000d5580000,0x00000000d5980000)
  from space 2560K, 99% used [0x00000000d5f80000,0x00000000d61fe460,0x00000000d6200000)
  to   space 3584K, 0% used [0x00000000d5b00000,0x00000000d5b00000,0x00000000d5e80000)
 ParOldGen       total 734720K, used 734260K [0x0000000080000000, 0x00000000acd80000, 0x00000000d5580000)
  object space 734720K, 99% used [0x0000000080000000,0x00000000acd0d0a8,0x00000000acd80000)
 Metaspace       used 65799K, committed 67136K, reserved 1114112K
  class space    used 7154K, committed 7744K, reserved 1048576K
}

