# JRE version: OpenJDK Runtime Environment Temurin-21.0.12.1+1 (21.0.12.1+1) (build 21.0.12.1+1-LTS)
# Java VM: OpenJDK 64-Bit Server VM Temurin-21.0.12.1+1 (21.0.12.1+1-LTS, mixed mode, sharing, tiered, compressed oops, compressed class ptrs, parallel gc, windows-amd64)
GC Precious Log:
 CardTable entry size: 512
 CPUs: 12 total, 12 available
 Memory: 7817M
 Large Page Support: Disabled
 NUMA Support: Disabled
 Compressed Oops: Enabled (32-bit)
 Alignments: Space 512K, Generation 512K, Heap 2M
 Heap Min Capacity: 100M
 Heap Initial Capacity: 100M
 Heap Max Capacity: 2G
 Pre-touch: Disabled
 Parallel Workers: 10
Heap:
 PSYoungGen      total 16384K, used 9423K [0x00000000d5580000, 0x00000000d6b00000, 0x0000000100000000)
  eden space 15360K, 56% used [0x00000000d5580000,0x00000000d5dfbeb0,0x00000000d6480000)
  from space 1024K, 71% used [0x00000000d6900000,0x00000000d69b8010,0x00000000d6a00000)
  to   space 1024K, 0% used [0x00000000d6a00000,0x00000000d6a00000,0x00000000d6b00000)
 ParOldGen       total 68608K, used 52921K [0x0000000080000000, 0x0000000084300000, 0x00000000d5580000)
  object space 68608K, 77% used [0x0000000080000000,0x00000000833ae698,0x0000000084300000)
 Metaspace       used 66982K, committed 68416K, reserved 1114112K
  class space    used 8301K, committed 8960K, reserved 1048576K
GC Heap History (20 events):
Event: 88.321 GC heap before
{Heap before GC invocations=49 (full 3):
 PSYoungGen      total 16896K, used 15840K [0x00000000d5580000, 0x00000000d6d00000, 0x0000000100000000)
  eden space 15360K, 100% used [0x00000000d5580000,0x00000000d6480000,0x00000000d6480000)
  from space 1536K, 31% used [0x00000000d6a00000,0x00000000d6a78000,0x00000000d6b80000)
  to   space 1024K, 0% used [0x00000000d6c00000,0x00000000d6c00000,0x00000000d6d00000)
 ParOldGen       total 68608K, used 50138K [0x0000000080000000, 0x0000000084300000, 0x00000000d5580000)
  object space 68608K, 73% used [0x0000000080000000,0x00000000830f6848,0x0000000084300000)
 Metaspace       used 62537K, committed 63808K, reserved 1114112K
  class space    used 7728K, committed 8320K, reserved 1048576K
}
Event: 88.322 GC heap after
{Heap after GC invocations=49 (full 3):
 PSYoungGen      total 16384K, used 570K [0x00000000d5580000, 0x00000000d6d00000, 0x0000000100000000)
  eden space 15360K, 0% used [0x00000000d5580000,0x00000000d5580000,0x00000000d6480000)
  from space 1024K, 55% used [0x00000000d6c00000,0x00000000d6c8e8d0,0x00000000d6d00000)
  to   space 1024K, 0% used [0x00000000d6b00000,0x00000000d6b00000,0x00000000d6c00000)
 ParOldGen       total 68608K, used 50364K [0x0000000080000000, 0x0000000084300000, 0x00000000d5580000)
  object space 68608K, 73% used [0x0000000080000000,0x000000008312f068,0x0000000084300000)
 Metaspace       used 62537K, committed 63808K, reserved 1114112K
  class space    used 7728K, committed 8320K, reserved 1048576K
}
Event: 88.570 GC heap before
{Heap before GC invocations=50 (full 3):
 PSYoungGen      total 16384K, used 15930K [0x00000000d5580000, 0x00000000d6d00000, 0x0000000100000000)
  eden space 15360K, 100% used [0x00000000d5580000,0x00000000d6480000,0x00000000d6480000)
  from space 1024K, 55% used [0x00000000d6c00000,0x00000000d6c8e8d0,0x00000000d6d00000)
  to   space 1024K, 0% used [0x00000000d6b00000,0x00000000d6b00000,0x00000000d6c00000)
 ParOldGen       total 68608K, used 50364K [0x0000000080000000, 0x0000000084300000, 0x00000000d5580000)
  object space 68608K, 73% used [0x0000000080000000,0x000000008312f068,0x0000000084300000)
 Metaspace       used 62537K, committed 63808K, reserved 1114112K
  class space    used 7728K, committed 8320K, reserved 1048576K
}
Event: 88.572 GC heap after
{Heap after GC invocations=50 (full 3):
 PSYoungGen      total 16384K, used 1013K [0x00000000d5580000, 0x00000000d6c80000, 0x0000000100000000)
  eden space 15360K, 0% used [0x00000000d5580000,0x00000000d5580000,0x00000000d6480000)
  from space 1024K, 99% used [0x00000000d6b00000,0x00000000d6bfd7d0,0x00000000d6c00000)
  to   space 512K, 0% used [0x00000000d6c00000,0x00000000d6c00000,0x00000000d6c80000)
 ParOldGen       total 68608K, used 50618K [0x0000000080000000, 0x0000000084300000, 0x00000000d5580000)
  object space 68608K, 73% used [0x0000000080000000,0x000000008316ebf0,0x0000000084300000)
 Metaspace       used 62537K, committed 63808K, reserved 1114112K
  class space    used 7728K, committed 8320K, reserved 1048576K
}
Event: 88.822 GC heap before
{Heap before GC invocations=51 (full 3):
 PSYoungGen      total 16384K, used 16373K [0x00000000d5580000, 0x00000000d6c80000, 0x0000000100000000)
  eden space 15360K, 100% used [0x00000000d5580000,0x00000000d6480000,0x00000000d6480000)
  from space 1024K, 99% used [0x00000000d6b00000,0x00000000d6bfd7d0,0x00000000d6c00000)
  to   space 512K, 0% used [0x00000000d6c00000,0x00000000d6c00000,0x00000000d6c80000)
 ParOldGen       total 68608K, used 50618K [0x0000000080000000, 0x0000000084300000, 0x00000000d5580000)
  object space 68608K, 73% used [0x0000000080000000,0x000000008316ebf0,0x0000000084300000)
 Metaspace       used 62537K, committed 63808K, reserved 1114112K
  class space    used 7728K, committed 8320K, reserved 1048576K
}
Event: 88.823 GC heap after
{Heap after GC invocations=51 (full 3):
 PSYoungGen      total 15872K, used 320K [0x00000000d5580000, 0x00000000d6c80000, 0x0000000100000000)
  eden space 15360K, 0% used [0x00000000d5580000,0x00000000d5580000,0x00000000d6480000)
  from space 512K, 62% used [0x00000000d6c00000,0x00000000d6c50000,0x00000000d6c80000)
  to   space 1024K, 0% used [0x00000000d6a80000,0x00000000d6a80000,0x00000000d6b80000)
 ParOldGen       total 68608K, used 50690K [0x0000000080000000, 0x0000000084300000, 0x00000000d5580000)
  object space 68608K, 73% used [0x0000000080000000,0x0000000083180bf0,0x0000000084300000)
 Metaspace       used 62537K, committed 63808K, reserved 1114112K
  class space    used 7728K, committed 8320K, reserved 1048576K
}
Event: 89.040 GC heap before
{Heap before GC invocations=52 (full 3):
 PSYoungGen      total 15872K, used 15680K [0x00000000d5580000, 0x00000000d6c80000, 0x0000000100000000)
  eden space 15360K, 100% used [0x00000000d5580000,0x00000000d6480000,0x00000000d6480000)
  from space 512K, 62% used [0x00000000d6c00000,0x00000000d6c50000,0x00000000d6c80000)
  to   space 1024K, 0% used [0x00000000d6a80000,0x00000000d6a80000,0x00000000d6b80000)
 ParOldGen       total 68608K, used 50690K [0x0000000080000000, 0x0000000084300000, 0x00000000d5580000)
  object space 68608K, 73% used [0x0000000080000000,0x0000000083180bf0,0x0000000084300000)
 Metaspace       used 62537K, committed 63808K, reserved 1114112K
  class space    used 7728K, committed 8320K, reserved 1048576K
}
Event: 89.041 GC heap after
{Heap after GC invocations=52 (full 3):
 PSYoungGen      total 16384K, used 696K [0x00000000d5580000, 0x00000000d6c80000, 0x0000000100000000)
  eden space 15360K, 0% used [0x00000000d5580000,0x00000000d5580000,0x00000000d6480000)
  from space 1024K, 68% used [0x00000000d6a80000,0x00000000d6b2e380,0x00000000d6b80000)
  to   space 1024K, 0% used [0x00000000d6b80000,0x00000000d6b80000,0x00000000d6c80000)
 ParOldGen       total 68608K, used 50806K [0x0000000080000000, 0x0000000084300000, 0x00000000d5580000)
  object space 68608K, 74% used [0x0000000080000000,0x000000008319d900,0x0000000084300000)
 Metaspace       used 62537K, committed 63808K, reserved 1114112K
  class space    used 7728K, committed 8320K, reserved 1048576K
}
Event: 89.277 GC heap before
{Heap before GC invocations=53 (full 3):
 PSYoungGen      total 16384K, used 16056K [0x00000000d5580000, 0x00000000d6c80000, 0x0000000100000000)
  eden space 15360K, 100% used [0x00000000d5580000,0x00000000d6480000,0x00000000d6480000)
  from space 1024K, 68% used [0x00000000d6a80000,0x00000000d6b2e380,0x00000000d6b80000)
  to   space 1024K, 0% used [0x00000000d6b80000,0x00000000d6b80000,0x00000000d6c80000)
 ParOldGen       total 68608K, used 50806K [0x0000000080000000, 0x0000000084300000, 0x00000000d5580000)
  object space 68608K, 74% used [0x0000000080000000,0x000000008319d900,0x0000000084300000)
 Metaspace       used 62537K, committed 63808K, reserved 1114112K
  class space    used 7728K, committed 8320K, reserved 1048576K
}
Event: 89.278 GC heap after
{Heap after GC invocations=53 (full 3):
 PSYoungGen      total 16384K, used 1005K [0x00000000d5580000, 0x00000000d6c80000, 0x0000000100000000)
  eden space 15360K, 0% used [0x00000000d5580000,0x00000000d5580000,0x00000000d6480000)
  from space 1024K, 98% used [0x00000000d6b80000,0x00000000d6c7b438,0x00000000d6c80000)
  to   space 1536K, 0% used [0x00000000d6980000,0x00000000d6980000,0x00000000d6b00000)
 ParOldGen       total 68608K, used 51113K [0x0000000080000000, 0x0000000084300000, 0x00000000d5580000)
  object space 68608K, 74% used [0x0000000080000000,0x00000000831ea670,0x0000000084300000)
 Metaspace       used 62537K, committed 63808K, reserved 1114112K
  class space    used 7728K, committed 8320K, reserved 1048576K
}
Event: 89.506 GC heap before
{Heap before GC invocations=54 (full 3):
 PSYoungGen      total 16384K, used 16365K [0x00000000d5580000, 0x00000000d6c80000, 0x0000000100000000)
  eden space 15360K, 100% used [0x00000000d5580000,0x00000000d6480000,0x00000000d6480000)
  from space 1024K, 98% used [0x00000000d6b80000,0x00000000d6c7b438,0x00000000d6c80000)
  to   space 1536K, 0% used [0x00000000d6980000,0x00000000d6980000,0x00000000d6b00000)
 ParOldGen       total 68608K, used 51113K [0x0000000080000000, 0x0000000084300000, 0x00000000d5580000)
  object space 68608K, 74% used [0x0000000080000000,0x00000000831ea670,0x0000000084300000)
 Metaspace       used 62538K, committed 63808K, reserved 1114112K
  class space    used 7728K, committed 8320K, reserved 1048576K
}
Event: 89.507 GC heap after
{Heap after GC invocations=54 (full 3):
 PSYoungGen      total 16896K, used 320K [0x00000000d5580000, 0x00000000d6c00000, 0x0000000100000000)
  eden space 15360K, 0% used [0x00000000d5580000,0x00000000d5580000,0x00000000d6480000)
  from space 1536K, 20% used [0x00000000d6980000,0x00000000d69d0000,0x00000000d6b00000)
  to   space 1024K, 0% used [0x00000000d6b00000,0x00000000d6b00000,0x00000000d6c00000)
 ParOldGen       total 68608K, used 51177K [0x0000000080000000, 0x0000000084300000, 0x00000000d5580000)
  object space 68608K, 74% used [0x0000000080000000,0x00000000831fa670,0x0000000084300000)
 Metaspace       used 62538K, committed 63808K, reserved 1114112K
  class space    used 7728K, committed 8320K, reserved 1048576K
}
Event: 89.689 GC heap before
{Heap before GC invocations=55 (full 3):
 PSYoungGen      total 16896K, used 15680K [0x00000000d5580000, 0x00000000d6c00000, 0x0000000100000000)
  eden space 15360K, 100% used [0x00000000d5580000,0x00000000d6480000,0x00000000d6480000)
  from space 1536K, 20% used [0x00000000d6980000,0x00000000d69d0000,0x00000000d6b00000)
  to   space 1024K, 0% used [0x00000000d6b00000,0x00000000d6b00000,0x00000000d6c00000)
 ParOldGen       total 68608K, used 51177K [0x0000000080000000, 0x0000000084300000, 0x00000000d5580000)
  object space 68608K, 74% used [0x0000000080000000,0x00000000831fa670,0x0000000084300000)
 Metaspace       used 62538K, committed 63808K, reserved 1114112K
  class space    used 7728K, committed 8320K, reserved 1048576K
}
Event: 89.690 GC heap after
{Heap after GC invocations=55 (full 3):
 PSYoungGen      total 16384K, used 994K [0x00000000d5580000, 0x00000000d6c00000, 0x0000000100000000)
  eden space 15360K, 0% used [0x00000000d5580000,0x00000000d5580000,0x00000000d6480000)
  from space 1024K, 97% used [0x00000000d6b00000,0x00000000d6bf8bd0,0x00000000d6c00000)
  to   space 1536K, 0% used [0x00000000d6900000,0x00000000d6900000,0x00000000d6a80000)
 ParOldGen       total 68608K, used 51296K [0x0000000080000000, 0x0000000084300000, 0x00000000d5580000)
  object space 68608K, 74% used [0x0000000080000000,0x0000000083218330,0x0000000084300000)
 Metaspace       used 62538K, committed 63808K, reserved 1114112K
  class space    used 7728K, committed 8320K, reserved 1048576K
}
Event: 90.220 GC heap before
{Heap before GC invocations=56 (full 3):
 PSYoungGen      total 16384K, used 16354K [0x00000000d5580000, 0x00000000d6c00000, 0x0000000100000000)
  eden space 15360K, 100% used [0x00000000d5580000,0x00000000d6480000,0x00000000d6480000)
  from space 1024K, 97% used [0x00000000d6b00000,0x00000000d6bf8bd0,0x00000000d6c00000)
  to   space 1536K, 0% used [0x00000000d6900000,0x00000000d6900000,0x00000000d6a80000)
 ParOldGen       total 68608K, used 51296K [0x0000000080000000, 0x0000000084300000, 0x00000000d5580000)
  object space 68608K, 74% used [0x0000000080000000,0x0000000083218330,0x0000000084300000)
 Metaspace       used 64066K, committed 65408K, reserved 1114112K
  class space    used 7934K, committed 8576K, reserved 1048576K
}
Event: 90.222 GC heap after
{Heap after GC invocations=56 (full 3):
 PSYoungGen      total 16896K, used 528K [0x00000000d5580000, 0x00000000d6b80000, 0x0000000100000000)
  eden space 15360K, 0% used [0x00000000d5580000,0x00000000d5580000,0x00000000d6480000)
  from space 1536K, 34% used [0x00000000d6900000,0x00000000d6984010,0x00000000d6a80000)
  to   space 1024K, 0% used [0x00000000d6a80000,0x00000000d6a80000,0x00000000d6b80000)
 ParOldGen       total 68608K, used 51395K [0x0000000080000000, 0x0000000084300000, 0x00000000d5580000)
  object space 68608K, 74% used [0x0000000080000000,0x0000000083230d30,0x0000000084300000)
 Metaspace       used 64066K, committed 65408K, reserved 1114112K
  class space    used 7934K, committed 8576K, reserved 1048576K
}
Event: 95.998 GC heap before
{Heap before GC invocations=57 (full 3):
 PSYoungGen      total 16896K, used 15888K [0x00000000d5580000, 0x00000000d6b80000, 0x0000000100000000)
  eden space 15360K, 100% used [0x00000000d5580000,0x00000000d6480000,0x00000000d6480000)
  from space 1536K, 34% used [0x00000000d6900000,0x00000000d6984010,0x00000000d6a80000)
  to   space 1024K, 0% used [0x00000000d6a80000,0x00000000d6a80000,0x00000000d6b80000)
 ParOldGen       total 68608K, used 51395K [0x0000000080000000, 0x0000000084300000, 0x00000000d5580000)
  object space 68608K, 74% used [0x0000000080000000,0x0000000083230d30,0x0000000084300000)
 Metaspace       used 65871K, committed 67200K, reserved 1114112K
  class space    used 8186K, committed 8832K, reserved 1048576K
}
Event: 96.001 GC heap after
{Heap after GC invocations=57 (full 3):
 PSYoungGen      total 15872K, used 448K [0x00000000d5580000, 0x00000000d6b00000, 0x0000000100000000)
  eden space 15360K, 0% used [0x00000000d5580000,0x00000000d5580000,0x00000000d6480000)
  from space 512K, 87% used [0x00000000d6a80000,0x00000000d6af0000,0x00000000d6b00000)
  to   space 1024K, 0% used [0x00000000d6900000,0x00000000d6900000,0x00000000d6a00000)
 ParOldGen       total 68608K, used 52591K [0x0000000080000000, 0x0000000084300000, 0x00000000d5580000)
  object space 68608K, 76% used [0x0000000080000000,0x000000008335bf70,0x0000000084300000)
 Metaspace       used 65871K, committed 67200K, reserved 1114112K
  class space    used 8186K, committed 8832K, reserved 1048576K
}
Event: 124.586 GC heap before
{Heap before GC invocations=58 (full 3):
 PSYoungGen      total 15872K, used 15808K [0x00000000d5580000, 0x00000000d6b00000, 0x0000000100000000)
  eden space 15360K, 100% used [0x00000000d5580000,0x00000000d6480000,0x00000000d6480000)
  from space 512K, 87% used [0x00000000d6a80000,0x00000000d6af0000,0x00000000d6b00000)
  to   space 1024K, 0% used [0x00000000d6900000,0x00000000d6900000,0x00000000d6a00000)
 ParOldGen       total 68608K, used 52591K [0x0000000080000000, 0x0000000084300000, 0x00000000d5580000)
  object space 68608K, 76% used [0x0000000080000000,0x000000008335bf70,0x0000000084300000)
 Metaspace       used 66886K, committed 68288K, reserved 1114112K
  class space    used 8293K, committed 8960K, reserved 1048576K
}
Event: 124.618 GC heap after
{Heap after GC invocations=58 (full 3):
 PSYoungGen      total 16384K, used 736K [0x00000000d5580000, 0x00000000d6b00000, 0x0000000100000000)
  eden space 15360K, 0% used [0x00000000d5580000,0x00000000d5580000,0x00000000d6480000)
  from space 1024K, 71% used [0x00000000d6900000,0x00000000d69b8010,0x00000000d6a00000)
  to   space 1024K, 0% used [0x00000000d6a00000,0x00000000d6a00000,0x00000000d6b00000)
 ParOldGen       total 68608K, used 52921K [0x0000000080000000, 0x0000000084300000, 0x00000000d5580000)
  object space 68608K, 77% used [0x0000000080000000,0x00000000833ae698,0x0000000084300000)
 Metaspace       used 66886K, committed 68288K, reserved 1114112K
  class space    used 8293K, committed 8960K, reserved 1048576K
}

